

Started GET "/assets/rails.png" for 127.0.0.1 at 2014-07-12 18:57:10 -0300
Connecting to database specified by database.yml
Served asset /rails.png - 200 OK (4ms)


Started GET "/rails/info/properties" for 127.0.0.1 at 2014-07-12 18:58:23 -0300
Processing by Rails::InfoController#properties as HTML
  Rendered inline template (1.6ms)
Completed 200 OK in 41.1ms (Views: 40.8ms | ActiveRecord: 0.0ms)
Connecting to database specified by database.yml
Connecting to database specified by database.yml
  [1m[36m (0.1ms)[0m  [1mselect sqlite_version(*)[0m
  [1m[35m (234.6ms)[0m  CREATE TABLE "schema_migrations" ("version" varchar(255) NOT NULL) 
  [1m[36m (233.5ms)[0m  [1mCREATE UNIQUE INDEX "unique_schema_migrations" ON "schema_migrations" ("version")[0m
  [1m[35m (1.0ms)[0m  SELECT "schema_migrations"."version" FROM "schema_migrations" 
Migrating to CreateRooms (20140712220145)
  [1m[36m (0.0ms)[0m  [1mbegin transaction[0m
  [1m[35m (0.3ms)[0m  CREATE TABLE "rooms" ("id" INTEGER PRIMARY KEY AUTOINCREMENT NOT NULL, "title" varchar(255), "location" varchar(255), "description" text, "created_at" datetime NOT NULL, "updated_at" datetime NOT NULL) 
  [1m[36m (0.1ms)[0m  [1mINSERT INTO "schema_migrations" ("version") VALUES ('20140712220145')[0m
  [1m[35m (229.9ms)[0m  commit transaction
  [1m[36m (0.1ms)[0m  [1mSELECT "schema_migrations"."version" FROM "schema_migrations" [0m


Started GET "/rooms" for 127.0.0.1 at 2014-07-12 19:08:07 -0300
Connecting to database specified by database.yml
Processing by RoomsController#index as HTML
  [1m[36mRoom Load (0.1ms)[0m  [1mSELECT "rooms".* FROM "rooms" [0m
  Rendered rooms/index.html.erb within layouts/application (1.8ms)
Warning. Error encountered while saving cache /home/ThaiBraga/Programas/colchonet/tmp/cache/sass/b35761e1b08f2f725f538e96d921a5d0bee9a511/rooms.css.scssc: can't dump anonymous class #<Class:0x00000002540bd0>
Compiled rooms.css  (17ms)  (pid 10379)
Warning. Error encountered while saving cache /home/ThaiBraga/Programas/colchonet/tmp/cache/sass/b35761e1b08f2f725f538e96d921a5d0bee9a511/scaffolds.css.scssc: can't dump anonymous class #<Class:0x00000002540bd0>
Compiled scaffolds.css  (7ms)  (pid 10379)
Compiled application.css  (46ms)  (pid 10379)
Compiled jquery.js  (1ms)  (pid 10379)
Compiled jquery_ujs.js  (0ms)  (pid 10379)
Compiled rooms.js  (89ms)  (pid 10379)
Compiled application.js  (120ms)  (pid 10379)
Completed 200 OK in 242.5ms (Views: 218.0ms | ActiveRecord: 1.3ms)


Started GET "/assets/application.css?body=1" for 127.0.0.1 at 2014-07-12 19:08:08 -0300
Served asset /application.css - 200 OK (7ms)


Started GET "/assets/rooms.css?body=1" for 127.0.0.1 at 2014-07-12 19:08:08 -0300
Served asset /rooms.css - 200 OK (0ms)


Started GET "/assets/scaffolds.css?body=1" for 127.0.0.1 at 2014-07-12 19:08:08 -0300
Served asset /scaffolds.css - 200 OK (2ms)


Started GET "/assets/jquery.js?body=1" for 127.0.0.1 at 2014-07-12 19:08:08 -0300
Served asset /jquery.js - 200 OK (2ms)


Started GET "/assets/rooms.js?body=1" for 127.0.0.1 at 2014-07-12 19:08:08 -0300
Served asset /rooms.js - 200 OK (1ms)


Started GET "/assets/jquery_ujs.js?body=1" for 127.0.0.1 at 2014-07-12 19:08:08 -0300
Served asset /jquery_ujs.js - 200 OK (1ms)


Started GET "/assets/application.js?body=1" for 127.0.0.1 at 2014-07-12 19:08:08 -0300
Served asset /application.js - 200 OK (3ms)


Started GET "/rooms/new" for 127.0.0.1 at 2014-07-12 19:08:12 -0300
Processing by RoomsController#new as HTML
  Rendered rooms/_form.html.erb (31.3ms)
  Rendered rooms/new.html.erb within layouts/application (56.5ms)
Completed 200 OK in 63.9ms (Views: 59.1ms | ActiveRecord: 0.0ms)


Started GET "/assets/application.css?body=1" for 127.0.0.1 at 2014-07-12 19:08:12 -0300
Served asset /application.css - 304 Not Modified (4ms)


Started GET "/assets/jquery.js?body=1" for 127.0.0.1 at 2014-07-12 19:08:12 -0300
Served asset /jquery.js - 304 Not Modified (2ms)


Started GET "/assets/rooms.css?body=1" for 127.0.0.1 at 2014-07-12 19:08:12 -0300
Served asset /rooms.css - 304 Not Modified (0ms)


Started GET "/assets/scaffolds.css?body=1" for 127.0.0.1 at 2014-07-12 19:08:12 -0300
Served asset /scaffolds.css - 304 Not Modified (0ms)


Started GET "/assets/jquery_ujs.js?body=1" for 127.0.0.1 at 2014-07-12 19:08:12 -0300
Served asset /jquery_ujs.js - 304 Not Modified (0ms)


Started GET "/assets/rooms.js?body=1" for 127.0.0.1 at 2014-07-12 19:08:12 -0300
Served asset /rooms.js - 304 Not Modified (0ms)


Started GET "/assets/application.js?body=1" for 127.0.0.1 at 2014-07-12 19:08:12 -0300
Served asset /application.js - 304 Not Modified (1ms)


Started POST "/rooms" for 127.0.0.1 at 2014-07-12 19:08:27 -0300
Processing by RoomsController#create as HTML
  Parameters: {"utf8"=>"✓", "authenticity_token"=>"PEhzfdoQR5IDR1gR2FiPPPaU9BoV5aF0IAS1ZhIiTZU=", "room"=>{"title"=>"Quarto", "location"=>"Casa da Thai", "description"=>"Quarto na casa da Thai"}, "commit"=>"Create Room"}
  [1m[35m (0.1ms)[0m  begin transaction
  [1m[36mSQL (20.1ms)[0m  [1mINSERT INTO "rooms" ("created_at", "description", "location", "title", "updated_at") VALUES (?, ?, ?, ?, ?)[0m  [["created_at", Sat, 12 Jul 2014 22:08:27 UTC +00:00], ["description", "Quarto na casa da Thai"], ["location", "Casa da Thai"], ["title", "Quarto"], ["updated_at", Sat, 12 Jul 2014 22:08:27 UTC +00:00]]
  [1m[35m (136.8ms)[0m  commit transaction
Redirected to http://localhost:3000/rooms/1
Completed 302 Found in 160.5ms (ActiveRecord: 156.9ms)


Started GET "/rooms/1" for 127.0.0.1 at 2014-07-12 19:08:27 -0300
Processing by RoomsController#show as HTML
  Parameters: {"id"=>"1"}
  [1m[36mRoom Load (0.2ms)[0m  [1mSELECT "rooms".* FROM "rooms" WHERE "rooms"."id" = ? LIMIT 1[0m  [["id", "1"]]
  Rendered rooms/show.html.erb within layouts/application (0.8ms)
Completed 200 OK in 4.9ms (Views: 3.1ms | ActiveRecord: 0.2ms)


Started GET "/assets/application.css?body=1" for 127.0.0.1 at 2014-07-12 19:08:27 -0300
Served asset /application.css - 304 Not Modified (0ms)


Started GET "/assets/rooms.css?body=1" for 127.0.0.1 at 2014-07-12 19:08:27 -0300
Served asset /rooms.css - 304 Not Modified (1ms)


Started GET "/assets/scaffolds.css?body=1" for 127.0.0.1 at 2014-07-12 19:08:27 -0300
Served asset /scaffolds.css - 304 Not Modified (0ms)


Started GET "/assets/jquery.js?body=1" for 127.0.0.1 at 2014-07-12 19:08:27 -0300
Served asset /jquery.js - 304 Not Modified (1ms)


Started GET "/assets/jquery_ujs.js?body=1" for 127.0.0.1 at 2014-07-12 19:08:27 -0300
Served asset /jquery_ujs.js - 304 Not Modified (0ms)


Started GET "/assets/rooms.js?body=1" for 127.0.0.1 at 2014-07-12 19:08:27 -0300
Served asset /rooms.js - 304 Not Modified (0ms)


Started GET "/assets/application.js?body=1" for 127.0.0.1 at 2014-07-12 19:08:27 -0300
Served asset /application.js - 304 Not Modified (1ms)


Started GET "/rooms" for 127.0.0.1 at 2014-07-12 19:08:33 -0300
Processing by RoomsController#index as HTML
  [1m[35mRoom Load (0.1ms)[0m  SELECT "rooms".* FROM "rooms" 
  Rendered rooms/index.html.erb within layouts/application (0.7ms)
Completed 200 OK in 3.6ms (Views: 2.9ms | ActiveRecord: 0.1ms)


Started GET "/assets/application.css?body=1" for 127.0.0.1 at 2014-07-12 19:08:33 -0300
Served asset /application.css - 304 Not Modified (0ms)


Started GET "/assets/scaffolds.css?body=1" for 127.0.0.1 at 2014-07-12 19:08:33 -0300
Served asset /scaffolds.css - 304 Not Modified (0ms)


Started GET "/assets/rooms.css?body=1" for 127.0.0.1 at 2014-07-12 19:08:33 -0300
Served asset /rooms.css - 304 Not Modified (1ms)


Started GET "/assets/jquery.js?body=1" for 127.0.0.1 at 2014-07-12 19:08:33 -0300
Served asset /jquery.js - 304 Not Modified (0ms)


Started GET "/assets/rooms.js?body=1" for 127.0.0.1 at 2014-07-12 19:08:33 -0300
Served asset /rooms.js - 304 Not Modified (0ms)


Started GET "/assets/jquery_ujs.js?body=1" for 127.0.0.1 at 2014-07-12 19:08:33 -0300
Served asset /jquery_ujs.js - 304 Not Modified (0ms)


Started GET "/assets/application.js?body=1" for 127.0.0.1 at 2014-07-12 19:08:33 -0300
Served asset /application.js - 304 Not Modified (1ms)
Connecting to database specified by database.yml


Started GET "/assets/rails.png" for 127.0.0.1 at 2014-07-12 19:59:29 -0300
Connecting to database specified by database.yml
Served asset /rails.png - 304 Not Modified (1ms)


Started GET "/assets/rails.png" for 127.0.0.1 at 2014-07-12 19:59:53 -0300
Connecting to database specified by database.yml
Served asset /rails.png - 304 Not Modified (1ms)


Started GET "/assets/rails.png" for 127.0.0.1 at 2014-07-12 19:59:55 -0300
Served asset /rails.png - 304 Not Modified (0ms)


Started GET "/assets/rails.png" for 127.0.0.1 at 2014-07-12 20:00:10 -0300
Served asset /rails.png - 304 Not Modified (0ms)


Started GET "/assets/rails.png" for 127.0.0.1 at 2014-07-12 20:06:15 -0300
Connecting to database specified by database.yml
Served asset /rails.png - 304 Not Modified (1ms)
Connecting to database specified by database.yml
Connecting to database specified by database.yml
  [1m[36m (15.4ms)[0m  [1mSELECT "schema_migrations"."version" FROM "schema_migrations" [0m
Migrating to CreateRooms (20140712220145)
Migrating to CreateUsers (20140713022607)
  [1m[35m (0.1ms)[0m  select sqlite_version(*)
  [1m[36m (0.0ms)[0m  [1mbegin transaction[0m
  [1m[35m (0.5ms)[0m  CREATE TABLE "users" ("id" INTEGER PRIMARY KEY AUTOINCREMENT NOT NULL, "full_name" varchar(255), "email" varchar(255), "password" varchar(255), "location" varchar(255), "bio" text, "created_at" datetime NOT NULL, "updated_at" datetime NOT NULL) 
  [1m[36m (0.1ms)[0m  [1mCREATE INDEX "index_users_on_email" ON "users" ("email")[0m
  [1m[35m (0.1ms)[0m  INSERT INTO "schema_migrations" ("version") VALUES ('20140713022607')
  [1m[36m (286.3ms)[0m  [1mcommit transaction[0m
  [1m[35m (0.1ms)[0m  SELECT "schema_migrations"."version" FROM "schema_migrations" 
Connecting to database specified by database.yml
Connecting to database specified by database.yml
  [1m[36m (0.2ms)[0m  [1mbegin transaction[0m
Connecting to database specified by database.yml
Connecting to database specified by database.yml
Connecting to database specified by database.yml
Connecting to database specified by database.yml
Connecting to database specified by database.yml
  [1m[36m (0.7ms)[0m  [1mSELECT "schema_migrations"."version" FROM "schema_migrations" [0m
Migrating to CreateRooms (20140712220145)
Migrating to CreateUsers (20140713022607)
  [1m[35m (0.1ms)[0m  select sqlite_version(*)
  [1m[36m (0.0ms)[0m  [1mSELECT "schema_migrations"."version" FROM "schema_migrations" [0m


Started GET "/assets/rails.png" for 127.0.0.1 at 2014-07-13 00:30:52 -0300
Connecting to database specified by database.yml
Served asset /rails.png - 200 OK (34ms)


Started GET "/users" for 127.0.0.1 at 2014-07-13 00:30:57 -0300

ActionController::RoutingError (No route matches [GET] "/users"):
  actionpack (3.2.15) lib/action_dispatch/middleware/debug_exceptions.rb:21:in `call'
  actionpack (3.2.15) lib/action_dispatch/middleware/show_exceptions.rb:56:in `call'
  railties (3.2.15) lib/rails/rack/logger.rb:32:in `call_app'
  railties (3.2.15) lib/rails/rack/logger.rb:16:in `block in call'
  activesupport (3.2.15) lib/active_support/tagged_logging.rb:22:in `tagged'
  railties (3.2.15) lib/rails/rack/logger.rb:16:in `call'
  actionpack (3.2.15) lib/action_dispatch/middleware/request_id.rb:22:in `call'
  rack (1.4.5) lib/rack/methodoverride.rb:21:in `call'
  rack (1.4.5) lib/rack/runtime.rb:17:in `call'
  activesupport (3.2.15) lib/active_support/cache/strategy/local_cache.rb:72:in `call'
  rack (1.4.5) lib/rack/lock.rb:15:in `call'
  actionpack (3.2.15) lib/action_dispatch/middleware/static.rb:63:in `call'
  railties (3.2.15) lib/rails/engine.rb:484:in `call'
  railties (3.2.15) lib/rails/application.rb:231:in `call'
  rack (1.4.5) lib/rack/content_length.rb:14:in `call'
  railties (3.2.15) lib/rails/rack/log_tailer.rb:17:in `call'
  rack (1.4.5) lib/rack/handler/webrick.rb:59:in `service'
  /usr/local/rvm/rubies/ruby-1.9.3-p484/lib/ruby/1.9.1/webrick/httpserver.rb:138:in `service'
  /usr/local/rvm/rubies/ruby-1.9.3-p484/lib/ruby/1.9.1/webrick/httpserver.rb:94:in `run'
  /usr/local/rvm/rubies/ruby-1.9.3-p484/lib/ruby/1.9.1/webrick/server.rb:191:in `block in start_thread'


  Rendered /usr/local/rvm/gems/ruby-1.9.3-p484/gems/actionpack-3.2.15/lib/action_dispatch/middleware/templates/rescues/routing_error.erb within rescues/layout (14.5ms)
Connecting to database specified by database.yml
Connecting to database specified by database.yml


Started GET "/assets/rails.png" for 127.0.0.1 at 2014-07-13 12:41:37 -0300
Connecting to database specified by database.yml
Served asset /rails.png - 200 OK (30ms)
